Using pre-set license
Built from '2020.3/staging' branch; Version is '2020.3.30f1 (1fb1bf06830e) revision 2077119'; Using compiler version '192528614'; Build Type 'Release'
OS: 'Windows 10  (10.0.19043) 64bit Professional' Language: 'ko' Physical Memory: 32712 MB
BatchMode: 1, IsHumanControllingUs: 0, StartBugReporterOnCrash: 0, Is64bit: 1, IsPro: 0

COMMAND LINE ARGUMENTS:
C:\Program Files\Unity\Hub\Editor\2020.3.30f1\Editor\Unity.exe
-adb2
-batchMode
-noUpm
-name
AssetImportWorker0
-projectPath
C:/Users/User/My project
-logFile
Logs/AssetImportWorker0.log
-srvPort
57832
Successfully changed project path to: C:/Users/User/My project
C:/Users/User/My project
Using Asset Import Pipeline V2.
Refreshing native plugins compatible for Editor in 26.86 ms, found 2 plugins.
Preloading 0 native plugins for Editor in 0.00 ms.
Initialize engine version: 2020.3.30f1 (1fb1bf06830e)
[Subsystems] Discovering subsystems at path C:/Program Files/Unity/Hub/Editor/2020.3.30f1/Editor/Data/Resources/UnitySubsystems
[Subsystems] Discovering subsystems at path C:/Users/User/My project/Assets
GfxDevice: creating device client; threaded=0
Direct3D:
    Version:  Direct3D 11.0 [level 11.1]
    Renderer: NVIDIA GeForce RTX 3070 (ID=0x2488)
    Vendor:   
    VRAM:     8043 MB
    Driver:   30.0.14.7122
Initialize mono
Mono path[0] = 'C:/Program Files/Unity/Hub/Editor/2020.3.30f1/Editor/Data/Managed'
Mono path[1] = 'C:/Program Files/Unity/Hub/Editor/2020.3.30f1/Editor/Data/MonoBleedingEdge/lib/mono/unityjit'
Mono config path = 'C:/Program Files/Unity/Hub/Editor/2020.3.30f1/Editor/Data/MonoBleedingEdge/etc'
Using monoOptions --debugger-agent=transport=dt_socket,embedding=1,server=y,suspend=n,address=127.0.0.1:56344
Begin MonoManager ReloadAssembly
Registering precompiled unity dll's ...
Register platform support module: C:/Program Files/Unity/Hub/Editor/2020.3.30f1/Editor/Data/PlaybackEngines/WebGLSupport/UnityEditor.WebGL.Extensions.dll
Register platform support module: C:/Program Files/Unity/Hub/Editor/2020.3.30f1/Editor/Data/PlaybackEngines/WindowsStandaloneSupport/UnityEditor.WindowsStandalone.Extensions.dll
Registered in 0.004046 seconds.
Native extension for WindowsStandalone target not found
Native extension for WebGL target not found
Refreshing native plugins compatible for Editor in 25.14 ms, found 2 plugins.
Preloading 0 native plugins for Editor in 0.00 ms.
Mono: successfully reloaded assembly
- Completed reload, in  0.419 seconds
Domain Reload Profiling:
	ReloadAssembly (419ms)
		BeginReloadAssembly (67ms)
			ExecutionOrderSort (0ms)
			DisableScriptedObjects (0ms)
			BackupInstance (0ms)
			ReleaseScriptingObjects (0ms)
			CreateAndSetChildDomain (0ms)
		EndReloadAssembly (295ms)
			LoadAssemblies (64ms)
			RebuildTransferFunctionScriptingTraits (0ms)
			SetupTypeCache (85ms)
			ReleaseScriptCaches (0ms)
			RebuildScriptCaches (17ms)
			SetupLoadedEditorAssemblies (125ms)
				LogAssemblyErrors (0ms)
				InitializePlatformSupportModulesInManaged (4ms)
				SetLoadedEditorAssemblies (0ms)
				RefreshPlugins (25ms)
				BeforeProcessingInitializeOnLoad (5ms)
				ProcessInitializeOnLoadAttributes (70ms)
				ProcessInitializeOnLoadMethodAttributes (21ms)
				AfterProcessingInitializeOnLoad (0ms)
				EditorAssembliesLoaded (0ms)
			ExecutionOrderSort2 (0ms)
			AwakeInstancesAfterBackupRestoration (0ms)
Platform modules already initialized, skipping
Registering precompiled user dll's ...
Registered in 0.004122 seconds.
Begin MonoManager ReloadAssembly
Native extension for WindowsStandalone target not found
Native extension for WebGL target not found
Refreshing native plugins compatible for Editor in 0.37 ms, found 2 plugins.
Preloading 0 native plugins for Editor in 0.00 ms.
Mono: successfully reloaded assembly
- Completed reload, in  0.660 seconds
Domain Reload Profiling:
	ReloadAssembly (660ms)
		BeginReloadAssembly (117ms)
			ExecutionOrderSort (0ms)
			DisableScriptedObjects (3ms)
			BackupInstance (0ms)
			ReleaseScriptingObjects (0ms)
			CreateAndSetChildDomain (12ms)
		EndReloadAssembly (494ms)
			LoadAssemblies (88ms)
			RebuildTransferFunctionScriptingTraits (0ms)
			SetupTypeCache (155ms)
			ReleaseScriptCaches (0ms)
			RebuildScriptCaches (24ms)
			SetupLoadedEditorAssemblies (197ms)
				LogAssemblyErrors (0ms)
				InitializePlatformSupportModulesInManaged (4ms)
				SetLoadedEditorAssemblies (0ms)
				RefreshPlugins (0ms)
				BeforeProcessingInitializeOnLoad (47ms)
				ProcessInitializeOnLoadAttributes (128ms)
				ProcessInitializeOnLoadMethodAttributes (6ms)
				AfterProcessingInitializeOnLoad (11ms)
				EditorAssembliesLoaded (0ms)
			ExecutionOrderSort2 (0ms)
			AwakeInstancesAfterBackupRestoration (4ms)
Platform modules already initialized, skipping
========================================================================
Worker process is ready to serve import requests
Launched and connected shader compiler UnityShaderCompiler.exe after 0.30 seconds
Refreshing native plugins compatible for Editor in 0.36 ms, found 2 plugins.
Preloading 0 native plugins for Editor in 0.00 ms.
Unloading 1633 Unused Serialized files (Serialized files now loaded: 0)
System memory in use before: 98.6 MB.
System memory in use after: 98.3 MB.

Unloading 18 unused Assets to reduce memory usage. Loaded Objects now: 2097.
Total: 2.132900 ms (FindLiveObjects: 0.094500 ms CreateObjectMapping: 0.037100 ms MarkObjects: 1.805100 ms  DeleteObjects: 0.195600 ms)

AssetImportParameters requested are different than current active one (requested -> active):
  custom:framework-win-MediaFoundation: 216162199b28c13a410421893ffa2e32 -> 
  custom:video-decoder-ogg-theora: a1e56fd34408186e4bbccfd4996cb3dc -> 
  custom:container-muxer-webm: aa71ff27fc2769a1b78a27578f13a17b -> 
  custom:container-demuxer-webm: 4f35f7cbe854078d1ac9338744f61a02 -> 
  custom:container-demuxer-ogg: 62fdf1f143b41e24485cea50d1cbac27 -> 
  custom:video-encoder-webm-vp8: eb34c28f22e8b96e1ab97ce403110664 -> 
  custom:video-decoder-webm-vp8: 9c59270c3fd7afecdb556c50c9e8de78 -> 
  custom:audio-decoder-ogg-vorbis: bf7c407c2cedff20999df2af8eb42d56 -> 
  custom:audio-encoder-webm-vorbis: bf7c407c2cedff20999df2af8eb42d56 -> 
========================================================================
Received Import Request.
  path: Assets/8K Skybox Pack Free/Skyboxes/Texture/sky-8.png
  artifactKey: Guid(c902ec8c76a899044a8cb1fddfb1dc39) Importer(815301076,1909f56bfc062723c751e8b465ee728b)
Start importing Assets/8K Skybox Pack Free/Skyboxes/Texture/sky-8.png using Guid(c902ec8c76a899044a8cb1fddfb1dc39) Importer(815301076,1909f56bfc062723c751e8b465ee728b)  -> (artifact id: '15875f9a4e5cf72ae0aa6e28da7f8a94') in 0.409228 seconds 
========================================================================
Received Import Request.
  Time since last request: 0.000128 seconds.
  path: Assets/8K Skybox Pack Free/Skyboxes/Texture/sky-9.png
  artifactKey: Guid(f15e9ebb1ca5a424c916746d3be478bb) Importer(815301076,1909f56bfc062723c751e8b465ee728b)
Start importing Assets/8K Skybox Pack Free/Skyboxes/Texture/sky-9.png using Guid(f15e9ebb1ca5a424c916746d3be478bb) Importer(815301076,1909f56bfc062723c751e8b465ee728b)  -> (artifact id: '65497688d9dff1f7bccb7a188723e0e3') in 0.349653 seconds 
========================================================================
Received Import Request.
  Time since last request: 0.000115 seconds.
  path: Assets/8K Skybox Pack Free/Skyboxes/Texture/sky-12.png
  artifactKey: Guid(8ffc7723a2a147542bd1a4a9512c2762) Importer(815301076,1909f56bfc062723c751e8b465ee728b)
Start importing Assets/8K Skybox Pack Free/Skyboxes/Texture/sky-12.png using Guid(8ffc7723a2a147542bd1a4a9512c2762) Importer(815301076,1909f56bfc062723c751e8b465ee728b)  -> (artifact id: 'ffbbcea537789afcb5498d38ed2e8d96') in 0.339032 seconds 
========================================================================
Received Import Request.
  Time since last request: 0.000112 seconds.
  path: Assets/8K Skybox Pack Free/Skyboxes/Texture/sky-2.png
  artifactKey: Guid(cd7d58d5520a6874587342352e94b970) Importer(815301076,1909f56bfc062723c751e8b465ee728b)
Start importing Assets/8K Skybox Pack Free/Skyboxes/Texture/sky-2.png using Guid(cd7d58d5520a6874587342352e94b970) Importer(815301076,1909f56bfc062723c751e8b465ee728b)  -> (artifact id: 'e0179649cfc3199e41a6c2616505a71f') in 0.345201 seconds 
========================================================================
Received Import Request.
  Time since last request: 0.000118 seconds.
  path: Assets/8K Skybox Pack Free/Skyboxes/Texture/sky-5.png
  artifactKey: Guid(100fa8e1632686d4197cf0ade5e18678) Importer(815301076,1909f56bfc062723c751e8b465ee728b)
Start importing Assets/8K Skybox Pack Free/Skyboxes/Texture/sky-5.png using Guid(100fa8e1632686d4197cf0ade5e18678) Importer(815301076,1909f56bfc062723c751e8b465ee728b)  -> (artifact id: 'b11e1c695c0abb00c311c2de33b8a385') in 0.341727 seconds 
========================================================================
Received Import Request.
  Time since last request: 0.000119 seconds.
  path: Assets/8K Skybox Pack Free/Skyboxes/Texture/sky-11.png
  artifactKey: Guid(2aa5e1663af98df4380219164a99d330) Importer(815301076,1909f56bfc062723c751e8b465ee728b)
Start importing Assets/8K Skybox Pack Free/Skyboxes/Texture/sky-11.png using Guid(2aa5e1663af98df4380219164a99d330) Importer(815301076,1909f56bfc062723c751e8b465ee728b)  -> (artifact id: 'f2b634112aac26e9b39073c94fb96cb1') in 0.334401 seconds 
========================================================================
Received Import Request.
  Time since last request: 0.000123 seconds.
  path: Assets/8K Skybox Pack Free/Skyboxes/Texture/sky-7.png
  artifactKey: Guid(c7446ec5690a9ae4190faeaae79086b3) Importer(815301076,1909f56bfc062723c751e8b465ee728b)
Start importing Assets/8K Skybox Pack Free/Skyboxes/Texture/sky-7.png using Guid(c7446ec5690a9ae4190faeaae79086b3) Importer(815301076,1909f56bfc062723c751e8b465ee728b)  -> (artifact id: '9c0e0f9954b0a921d61fa58caa3a6c9d') in 0.341961 seconds 
========================================================================
Received Import Request.
  Time since last request: 0.000113 seconds.
  path: Assets/8K Skybox Pack Free/Skyboxes/Texture
  artifactKey: Guid(d6e7d52c81183664ebabf8a33dc61b47) Importer(815301076,1909f56bfc062723c751e8b465ee728b)
Start importing Assets/8K Skybox Pack Free/Skyboxes/Texture using Guid(d6e7d52c81183664ebabf8a33dc61b47) Importer(815301076,1909f56bfc062723c751e8b465ee728b)  -> (artifact id: '7bdbeea908f9fa9a0092d61e95de0bee') in 0.004259 seconds 
========================================================================
Received Import Request.
  Time since last request: 0.000095 seconds.
  path: Assets/8K Skybox Pack Free/Skyboxes/Texture/sky-3.png
  artifactKey: Guid(7f5779140d6e64f44a7940b41f49ba81) Importer(815301076,1909f56bfc062723c751e8b465ee728b)
Start importing Assets/8K Skybox Pack Free/Skyboxes/Texture/sky-3.png using Guid(7f5779140d6e64f44a7940b41f49ba81) Importer(815301076,1909f56bfc062723c751e8b465ee728b)  -> (artifact id: 'a718b4b7eb003c3e2c7697144d503366') in 0.345479 seconds 
========================================================================
Received Import Request.
  Time since last request: 0.000116 seconds.
  path: Assets/8K Skybox Pack Free/Skyboxes/Texture/sky-4.png
  artifactKey: Guid(65844975f3a977b419b0d5fdff86f07a) Importer(815301076,1909f56bfc062723c751e8b465ee728b)
Start importing Assets/8K Skybox Pack Free/Skyboxes/Texture/sky-4.png using Guid(65844975f3a977b419b0d5fdff86f07a) Importer(815301076,1909f56bfc062723c751e8b465ee728b)  -> (artifact id: '3a09e61a7164510ce37f7fda6c704005') in 0.332515 seconds 
========================================================================
Received Import Request.
  Time since last request: 0.000123 seconds.
  path: Assets/8K Skybox Pack Free/Skyboxes/Texture/sky-6.png
  artifactKey: Guid(22f0efbf93ea81b49bce3ac5f1488041) Importer(815301076,1909f56bfc062723c751e8b465ee728b)
Start importing Assets/8K Skybox Pack Free/Skyboxes/Texture/sky-6.png using Guid(22f0efbf93ea81b49bce3ac5f1488041) Importer(815301076,1909f56bfc062723c751e8b465ee728b)  -> (artifact id: 'de4f5ac9646e958680cc7d7a1e276c1c') in 0.341189 seconds 
========================================================================
Received Import Request.
  Time since last request: 0.000126 seconds.
  path: Assets/8K Skybox Pack Free/Skyboxes/Texture/sky-1.png
  artifactKey: Guid(2288e023d12a740468d683a2c1ebddc8) Importer(815301076,1909f56bfc062723c751e8b465ee728b)
Start importing Assets/8K Skybox Pack Free/Skyboxes/Texture/sky-1.png using Guid(2288e023d12a740468d683a2c1ebddc8) Importer(815301076,1909f56bfc062723c751e8b465ee728b)  -> (artifact id: 'e93bbecd11b6514848b74acf87517832') in 0.334412 seconds 
========================================================================
Received Import Request.
  Time since last request: 0.000111 seconds.
  path: Assets/8K Skybox Pack Free/Skyboxes/Texture/sky-10.png
  artifactKey: Guid(0786698e0db475f468c5246a3253c740) Importer(815301076,1909f56bfc062723c751e8b465ee728b)
Start importing Assets/8K Skybox Pack Free/Skyboxes/Texture/sky-10.png using Guid(0786698e0db475f468c5246a3253c740) Importer(815301076,1909f56bfc062723c751e8b465ee728b)  -> (artifact id: 'c12d307902995000d423f7a36d719723') in 0.334885 seconds 
========================================================================
Received Import Request.
  Time since last request: 156.646481 seconds.
  path: Assets/8K Skybox Pack Free/Skyboxes/Material/sky-1.mat
  artifactKey: Guid(c8e304140c860744783e1aa250535791) Importer(815301076,1909f56bfc062723c751e8b465ee728b)
Start importing Assets/8K Skybox Pack Free/Skyboxes/Material/sky-1.mat using Guid(c8e304140c860744783e1aa250535791) Importer(815301076,1909f56bfc062723c751e8b465ee728b)  -> (artifact id: 'a3c57370f7e8a5d8b991d053b02e9227') in 0.061696 seconds 
========================================================================
Received Import Request.
  Time since last request: 0.000125 seconds.
  path: Assets/8K Skybox Pack Free/Skyboxes/Material/sky-5.mat
  artifactKey: Guid(03389866351d19a47adc95c57d054097) Importer(815301076,1909f56bfc062723c751e8b465ee728b)
Start importing Assets/8K Skybox Pack Free/Skyboxes/Material/sky-5.mat using Guid(03389866351d19a47adc95c57d054097) Importer(815301076,1909f56bfc062723c751e8b465ee728b)  -> (artifact id: '1474f43f3070e48a3489c572c1997b6b') in 0.082003 seconds 
========================================================================
Received Import Request.
  Time since last request: 0.000110 seconds.
  path: Assets/8K Skybox Pack Free/Skyboxes/Material/sky-6.mat
  artifactKey: Guid(b87cacf51931a5841b5931a664fd0730) Importer(815301076,1909f56bfc062723c751e8b465ee728b)
Start importing Assets/8K Skybox Pack Free/Skyboxes/Material/sky-6.mat using Guid(b87cacf51931a5841b5931a664fd0730) Importer(815301076,1909f56bfc062723c751e8b465ee728b)  -> (artifact id: '90daff8e91f6463635b9f1057e33762c') in 0.029581 seconds 
========================================================================
Received Import Request.
  Time since last request: 0.000113 seconds.
  path: Assets/8K Skybox Pack Free/Skyboxes/Material/sky-2.mat
  artifactKey: Guid(9b7ca251e8646c54db0a77ae2021bf9b) Importer(815301076,1909f56bfc062723c751e8b465ee728b)
Start importing Assets/8K Skybox Pack Free/Skyboxes/Material/sky-2.mat using Guid(9b7ca251e8646c54db0a77ae2021bf9b) Importer(815301076,1909f56bfc062723c751e8b465ee728b)  -> (artifact id: '64730846bc24e0dcd52e2eb10626bb65') in 0.030147 seconds 
========================================================================
Received Import Request.
  Time since last request: 0.000118 seconds.
  path: Assets/8K Skybox Pack Free/Skyboxes/Material/sky-11.mat
  artifactKey: Guid(0657637449dfba34f84c2e4cf23683b6) Importer(815301076,1909f56bfc062723c751e8b465ee728b)
Start importing Assets/8K Skybox Pack Free/Skyboxes/Material/sky-11.mat using Guid(0657637449dfba34f84c2e4cf23683b6) Importer(815301076,1909f56bfc062723c751e8b465ee728b)  -> (artifact id: 'b4ad9ed39428e52717cb159e4ee4036f') in 0.031017 seconds 
========================================================================
Received Import Request.
  Time since last request: 0.000191 seconds.
  path: Assets/8K Skybox Pack Free/Skyboxes/Material/sky-12.mat
  artifactKey: Guid(356decb03293f22498cb5565d128c9da) Importer(815301076,1909f56bfc062723c751e8b465ee728b)
Start importing Assets/8K Skybox Pack Free/Skyboxes/Material/sky-12.mat using Guid(356decb03293f22498cb5565d128c9da) Importer(815301076,1909f56bfc062723c751e8b465ee728b)  -> (artifact id: '9ad83d60a7b8b27e3c9a6e412a900993') in 0.046164 seconds 
========================================================================
Received Import Request.
  Time since last request: 0.000116 seconds.
  path: Assets/8K Skybox Pack Free/Skyboxes/Material/sky-8.mat
  artifactKey: Guid(ebc9df751692e5740abb521f3539fcd0) Importer(815301076,1909f56bfc062723c751e8b465ee728b)
Start importing Assets/8K Skybox Pack Free/Skyboxes/Material/sky-8.mat using Guid(ebc9df751692e5740abb521f3539fcd0) Importer(815301076,1909f56bfc062723c751e8b465ee728b)  -> (artifact id: 'a1fd970fee6e35f29a4bfd3aadca81ab') in 0.032257 seconds 
========================================================================
Received Import Request.
  Time since last request: 0.000112 seconds.
  path: Assets/8K Skybox Pack Free/Skyboxes/Material/sky-3.mat
  artifactKey: Guid(23002981675cee84bbbebf0794b85ea2) Importer(815301076,1909f56bfc062723c751e8b465ee728b)
Start importing Assets/8K Skybox Pack Free/Skyboxes/Material/sky-3.mat using Guid(23002981675cee84bbbebf0794b85ea2) Importer(815301076,1909f56bfc062723c751e8b465ee728b)  -> (artifact id: '83ad518bfb544c8b1f70acbfc3cbb471') in 0.032224 seconds 
========================================================================
Received Import Request.
  Time since last request: 0.000126 seconds.
  path: Assets/8K Skybox Pack Free/Skyboxes/Material/sky-4.mat
  artifactKey: Guid(4e4980336892d9546bf0bf0e3f30c265) Importer(815301076,1909f56bfc062723c751e8b465ee728b)
Start importing Assets/8K Skybox Pack Free/Skyboxes/Material/sky-4.mat using Guid(4e4980336892d9546bf0bf0e3f30c265) Importer(815301076,1909f56bfc062723c751e8b465ee728b)  -> (artifact id: '3b20708ef0a6aa6456de0f0581449241') in 0.030447 seconds 
========================================================================
Received Import Request.
  Time since last request: 0.000120 seconds.
  path: Assets/8K Skybox Pack Free/Skyboxes/Material/sky-9.mat
  artifactKey: Guid(52d44e5692d0c134f9b2ed3abd21fb73) Importer(815301076,1909f56bfc062723c751e8b465ee728b)
Start importing Assets/8K Skybox Pack Free/Skyboxes/Material/sky-9.mat using Guid(52d44e5692d0c134f9b2ed3abd21fb73) Importer(815301076,1909f56bfc062723c751e8b465ee728b)  -> (artifact id: '75d0c21cd381fe751491187a3f3aa14f') in 0.030826 seconds 
========================================================================
Received Import Request.
  Time since last request: 0.000120 seconds.
  path: Assets/8K Skybox Pack Free/Skyboxes/Material/sky-7.mat
  artifactKey: Guid(5336727d7be32404c9ac396789142e1c) Importer(815301076,1909f56bfc062723c751e8b465ee728b)
Start importing Assets/8K Skybox Pack Free/Skyboxes/Material/sky-7.mat using Guid(5336727d7be32404c9ac396789142e1c) Importer(815301076,1909f56bfc062723c751e8b465ee728b)  -> (artifact id: '281f379385f93485e739f625ab52ceb6') in 0.031906 seconds 
========================================================================
Received Import Request.
  Time since last request: 0.000126 seconds.
  path: Assets/8K Skybox Pack Free/Skyboxes/Material/sky-10.mat
  artifactKey: Guid(47b7a45414f3b564e9e8349bfa18b29f) Importer(815301076,1909f56bfc062723c751e8b465ee728b)
Start importing Assets/8K Skybox Pack Free/Skyboxes/Material/sky-10.mat using Guid(47b7a45414f3b564e9e8349bfa18b29f) Importer(815301076,1909f56bfc062723c751e8b465ee728b)  -> (artifact id: '01f98d64f35309e8e38b23a688519bf1') in 0.031687 seconds 
========================================================================
Received Import Request.
  Time since last request: 227.350527 seconds.
  path: Assets/New Terrain 1.asset
  artifactKey: Guid(1fffe8b9f86670e4aa36a6eb27bb6c67) Importer(815301076,1909f56bfc062723c751e8b465ee728b)
Start importing Assets/New Terrain 1.asset using Guid(1fffe8b9f86670e4aa36a6eb27bb6c67) Importer(815301076,1909f56bfc062723c751e8b465ee728b)  -> (artifact id: '63a4a22027293e34466757521f7ae77a') in 0.029686 seconds 
========================================================================
Received Import Request.
  Time since last request: 0.000098 seconds.
  path: Assets/TerrainData_27fc7a5f-aa71-4632-a841-60bf13c04e24.asset
  artifactKey: Guid(7cdfa6f555cdd8c42a245beebb288b79) Importer(815301076,1909f56bfc062723c751e8b465ee728b)
Start importing Assets/TerrainData_27fc7a5f-aa71-4632-a841-60bf13c04e24.asset using Guid(7cdfa6f555cdd8c42a245beebb288b79) Importer(815301076,1909f56bfc062723c751e8b465ee728b)  -> (artifact id: 'cf0e59a994b4b470b4aca7e32f5a0988') in 0.008455 seconds 
========================================================================
Received Import Request.
  Time since last request: 0.000126 seconds.
  path: Assets/New Terrain.asset
  artifactKey: Guid(79c058ece18ec6a4f8047f8850afd3fd) Importer(815301076,1909f56bfc062723c751e8b465ee728b)
Start importing Assets/New Terrain.asset using Guid(79c058ece18ec6a4f8047f8850afd3fd) Importer(815301076,1909f56bfc062723c751e8b465ee728b)  -> (artifact id: '05a455f9cbf92fca0004337ff0c61364') in 0.009271 seconds 
========================================================================
Received Prepare
Registering precompiled user dll's ...
Registered in 0.004070 seconds.
Begin MonoManager ReloadAssembly
Native extension for WindowsStandalone target not found
Native extension for WebGL target not found
Refreshing native plugins compatible for Editor in 0.42 ms, found 2 plugins.
Preloading 0 native plugins for Editor in 0.00 ms.
Mono: successfully reloaded assembly
- Completed reload, in  0.662 seconds
Domain Reload Profiling:
	ReloadAssembly (662ms)
		BeginReloadAssembly (111ms)
			ExecutionOrderSort (0ms)
			DisableScriptedObjects (2ms)
			BackupInstance (0ms)
			ReleaseScriptingObjects (0ms)
			CreateAndSetChildDomain (22ms)
		EndReloadAssembly (497ms)
			LoadAssemblies (92ms)
			RebuildTransferFunctionScriptingTraits (0ms)
			SetupTypeCache (155ms)
			ReleaseScriptCaches (1ms)
			RebuildScriptCaches (21ms)
			SetupLoadedEditorAssemblies (198ms)
				LogAssemblyErrors (0ms)
				InitializePlatformSupportModulesInManaged (4ms)
				SetLoadedEditorAssemblies (0ms)
				RefreshPlugins (0ms)
				BeforeProcessingInitializeOnLoad (45ms)
				ProcessInitializeOnLoadAttributes (128ms)
				ProcessInitializeOnLoadMethodAttributes (6ms)
				AfterProcessingInitializeOnLoad (13ms)
				EditorAssembliesLoaded (0ms)
			ExecutionOrderSort2 (0ms)
			AwakeInstancesAfterBackupRestoration (4ms)
Platform modules already initialized, skipping
Refreshing native plugins compatible for Editor in 0.39 ms, found 2 plugins.
Preloading 0 native plugins for Editor in 0.00 ms.
Unloading 1608 Unused Serialized files (Serialized files now loaded: 0)
System memory in use before: 99.9 MB.
System memory in use after: 99.7 MB.

Unloading 13 unused Assets to reduce memory usage. Loaded Objects now: 2143.
Total: 2.208100 ms (FindLiveObjects: 0.110900 ms CreateObjectMapping: 0.039000 ms MarkObjects: 1.872100 ms  DeleteObjects: 0.185600 ms)

AssetImportParameters requested are different than current active one (requested -> active):
  custom:framework-win-MediaFoundation: 216162199b28c13a410421893ffa2e32 -> 
  custom:video-decoder-ogg-theora: a1e56fd34408186e4bbccfd4996cb3dc -> 
  custom:container-muxer-webm: aa71ff27fc2769a1b78a27578f13a17b -> 
  custom:container-demuxer-webm: 4f35f7cbe854078d1ac9338744f61a02 -> 
  custom:container-demuxer-ogg: 62fdf1f143b41e24485cea50d1cbac27 -> 
  custom:video-encoder-webm-vp8: eb34c28f22e8b96e1ab97ce403110664 -> 
  custom:video-decoder-webm-vp8: 9c59270c3fd7afecdb556c50c9e8de78 -> 
  custom:audio-decoder-ogg-vorbis: bf7c407c2cedff20999df2af8eb42d56 -> 
  custom:audio-encoder-webm-vorbis: bf7c407c2cedff20999df2af8eb42d56 -> 
========================================================================
Received Import Request.
  Time since last request: 72.050642 seconds.
  path: Assets/Standard Assets/Environment/Water/Water4/Prefabs/Water4Advanced.prefab
  artifactKey: Guid(b544816461f324e56a39767fdeb5b114) Importer(815301076,1909f56bfc062723c751e8b465ee728b)
Start importing Assets/Standard Assets/Environment/Water/Water4/Prefabs/Water4Advanced.prefab using Guid(b544816461f324e56a39767fdeb5b114) Importer(815301076,1909f56bfc062723c751e8b465ee728b)  -> (artifact id: '6dc9acd88c68b96da422453bd6b7c443') in 0.072547 seconds 
========================================================================
Received Import Request.
  Time since last request: 0.000113 seconds.
  path: Assets/Standard Assets/Environment/Water/Water4/Prefabs/Water4Simple.prefab
  artifactKey: Guid(843740dbe549a4a6ba9556d1b80001f5) Importer(815301076,1909f56bfc062723c751e8b465ee728b)
Start importing Assets/Standard Assets/Environment/Water/Water4/Prefabs/Water4Simple.prefab using Guid(843740dbe549a4a6ba9556d1b80001f5) Importer(815301076,1909f56bfc062723c751e8b465ee728b)  -> (artifact id: 'a8248fa5f970626d39380581fe928a5b') in 0.012254 seconds 
========================================================================
Received Import Request.
  Time since last request: 166.980776 seconds.
  path: Assets/Standard Assets/Environment/Water/Water4/Textures/SmallWaves.png
  artifactKey: Guid(fb6566c21f717904f83743a5a76dd0b0) Importer(815301076,1909f56bfc062723c751e8b465ee728b)
Start importing Assets/Standard Assets/Environment/Water/Water4/Textures/SmallWaves.png using Guid(fb6566c21f717904f83743a5a76dd0b0) Importer(815301076,1909f56bfc062723c751e8b465ee728b)  -> (artifact id: '0bd8221c0bfe9787896376598c890d8a') in 0.014249 seconds 
========================================================================
Received Import Request.
  Time since last request: 0.000096 seconds.
  path: Assets/Standard Assets/Environment/Water/Water4/Textures/SimpleFoam.png
  artifactKey: Guid(36dd0b22da8874ed38075789055ca664) Importer(815301076,1909f56bfc062723c751e8b465ee728b)
Start importing Assets/Standard Assets/Environment/Water/Water4/Textures/SimpleFoam.png using Guid(36dd0b22da8874ed38075789055ca664) Importer(815301076,1909f56bfc062723c751e8b465ee728b)  -> (artifact id: '9e6190afe4aff2cd7e8642bfa6dff62c') in 0.017910 seconds 
========================================================================
Received Prepare
Registering precompiled user dll's ...
Registered in 0.003802 seconds.
Begin MonoManager ReloadAssembly
Native extension for WindowsStandalone target not found
Native extension for WebGL target not found
Refreshing native plugins compatible for Editor in 0.37 ms, found 2 plugins.
Preloading 0 native plugins for Editor in 0.00 ms.
Mono: successfully reloaded assembly
- Completed reload, in  0.651 seconds
Domain Reload Profiling:
	ReloadAssembly (651ms)
		BeginReloadAssembly (107ms)
			ExecutionOrderSort (0ms)
			DisableScriptedObjects (3ms)
			BackupInstance (0ms)
			ReleaseScriptingObjects (0ms)
			CreateAndSetChildDomain (23ms)
		EndReloadAssembly (494ms)
			LoadAssemblies (89ms)
			RebuildTransferFunctionScriptingTraits (0ms)
			SetupTypeCache (154ms)
			ReleaseScriptCaches (1ms)
			RebuildScriptCaches (21ms)
			SetupLoadedEditorAssemblies (196ms)
				LogAssemblyErrors (0ms)
				InitializePlatformSupportModulesInManaged (4ms)
				SetLoadedEditorAssemblies (0ms)
				RefreshPlugins (0ms)
				BeforeProcessingInitializeOnLoad (44ms)
				ProcessInitializeOnLoadAttributes (128ms)
				ProcessInitializeOnLoadMethodAttributes (6ms)
				AfterProcessingInitializeOnLoad (13ms)
				EditorAssembliesLoaded (0ms)
			ExecutionOrderSort2 (0ms)
			AwakeInstancesAfterBackupRestoration (5ms)
Platform modules already initialized, skipping
Refreshing native plugins compatible for Editor in 0.37 ms, found 2 plugins.
Preloading 0 native plugins for Editor in 0.00 ms.
Unloading 1608 Unused Serialized files (Serialized files now loaded: 0)
System memory in use before: 100.1 MB.
System memory in use after: 99.8 MB.

Unloading 13 unused Assets to reduce memory usage. Loaded Objects now: 2149.
Total: 2.473300 ms (FindLiveObjects: 0.154000 ms CreateObjectMapping: 0.055900 ms MarkObjects: 2.007100 ms  DeleteObjects: 0.255700 ms)

AssetImportParameters requested are different than current active one (requested -> active):
  custom:framework-win-MediaFoundation: 216162199b28c13a410421893ffa2e32 -> 
  custom:video-decoder-ogg-theora: a1e56fd34408186e4bbccfd4996cb3dc -> 
  custom:container-muxer-webm: aa71ff27fc2769a1b78a27578f13a17b -> 
  custom:container-demuxer-webm: 4f35f7cbe854078d1ac9338744f61a02 -> 
  custom:container-demuxer-ogg: 62fdf1f143b41e24485cea50d1cbac27 -> 
  custom:video-encoder-webm-vp8: eb34c28f22e8b96e1ab97ce403110664 -> 
  custom:video-decoder-webm-vp8: 9c59270c3fd7afecdb556c50c9e8de78 -> 
  custom:audio-decoder-ogg-vorbis: bf7c407c2cedff20999df2af8eb42d56 -> 
  custom:audio-encoder-webm-vorbis: bf7c407c2cedff20999df2af8eb42d56 -> 
========================================================================
Received Import Request.
  Time since last request: 244.359855 seconds.
  path: Assets/Standard Assets/Effects/LightFlares/Flares/50mmZoom.flare
  artifactKey: Guid(54fbbf098d116effa00081aba8ad6659) Importer(815301076,1909f56bfc062723c751e8b465ee728b)
Start importing Assets/Standard Assets/Effects/LightFlares/Flares/50mmZoom.flare using Guid(54fbbf098d116effa00081aba8ad6659) Importer(815301076,1909f56bfc062723c751e8b465ee728b)  -> (artifact id: '76ed3ab88e8a5a599e0bac50f240d13e') in 0.015800 seconds 
========================================================================
Received Import Request.
  Time since last request: 0.000099 seconds.
  path: Assets/Standard Assets/Effects/LightFlares/Flares/Sun.flare
  artifactKey: Guid(09ebe82dbd1113c3d000dc0b8d76c639) Importer(815301076,1909f56bfc062723c751e8b465ee728b)
Start importing Assets/Standard Assets/Effects/LightFlares/Flares/Sun.flare using Guid(09ebe82dbd1113c3d000dc0b8d76c639) Importer(815301076,1909f56bfc062723c751e8b465ee728b)  -> (artifact id: '555b27318f75b74065ad866b01d9087d') in 0.004836 seconds 
========================================================================
Received Import Request.
  Time since last request: 0.000099 seconds.
  path: Assets/Standard Assets/Effects/LightFlares/Flares/FlareSmall.flare
  artifactKey: Guid(9bdb18c49d114cb4300035184241aa39) Importer(815301076,1909f56bfc062723c751e8b465ee728b)
Start importing Assets/Standard Assets/Effects/LightFlares/Flares/FlareSmall.flare using Guid(9bdb18c49d114cb4300035184241aa39) Importer(815301076,1909f56bfc062723c751e8b465ee728b)  -> (artifact id: '52c475883ef14b5d8da7a19e3b211243') in 0.004459 seconds 
========================================================================
Received Prepare
Registering precompiled user dll's ...
Registered in 0.003834 seconds.
Begin MonoManager ReloadAssembly
Native extension for WindowsStandalone target not found
Native extension for WebGL target not found
Refreshing native plugins compatible for Editor in 0.37 ms, found 2 plugins.
Preloading 0 native plugins for Editor in 0.00 ms.
Mono: successfully reloaded assembly
- Completed reload, in  0.629 seconds
Domain Reload Profiling:
	ReloadAssembly (629ms)
		BeginReloadAssembly (105ms)
			ExecutionOrderSort (0ms)
			DisableScriptedObjects (3ms)
			BackupInstance (0ms)
			ReleaseScriptingObjects (0ms)
			CreateAndSetChildDomain (21ms)
		EndReloadAssembly (474ms)
			LoadAssemblies (90ms)
			RebuildTransferFunctionScriptingTraits (0ms)
			SetupTypeCache (148ms)
			ReleaseScriptCaches (1ms)
			RebuildScriptCaches (21ms)
			SetupLoadedEditorAssemblies (185ms)
				LogAssemblyErrors (0ms)
				InitializePlatformSupportModulesInManaged (4ms)
				SetLoadedEditorAssemblies (0ms)
				RefreshPlugins (0ms)
				BeforeProcessingInitializeOnLoad (44ms)
				ProcessInitializeOnLoadAttributes (119ms)
				ProcessInitializeOnLoadMethodAttributes (5ms)
				AfterProcessingInitializeOnLoad (12ms)
				EditorAssembliesLoaded (0ms)
			ExecutionOrderSort2 (0ms)
			AwakeInstancesAfterBackupRestoration (4ms)
Platform modules already initialized, skipping
Refreshing native plugins compatible for Editor in 0.38 ms, found 2 plugins.
Preloading 0 native plugins for Editor in 0.00 ms.
Unloading 1608 Unused Serialized files (Serialized files now loaded: 0)
System memory in use before: 100.3 MB.
System memory in use after: 99.9 MB.

Unloading 13 unused Assets to reduce memory usage. Loaded Objects now: 2151.
Total: 2.354100 ms (FindLiveObjects: 0.132900 ms CreateObjectMapping: 0.044200 ms MarkObjects: 1.929100 ms  DeleteObjects: 0.247400 ms)

AssetImportParameters requested are different than current active one (requested -> active):
  custom:framework-win-MediaFoundation: 216162199b28c13a410421893ffa2e32 -> 
  custom:video-decoder-ogg-theora: a1e56fd34408186e4bbccfd4996cb3dc -> 
  custom:container-muxer-webm: aa71ff27fc2769a1b78a27578f13a17b -> 
  custom:container-demuxer-webm: 4f35f7cbe854078d1ac9338744f61a02 -> 
  custom:container-demuxer-ogg: 62fdf1f143b41e24485cea50d1cbac27 -> 
  custom:video-encoder-webm-vp8: eb34c28f22e8b96e1ab97ce403110664 -> 
  custom:video-decoder-webm-vp8: 9c59270c3fd7afecdb556c50c9e8de78 -> 
  custom:audio-decoder-ogg-vorbis: bf7c407c2cedff20999df2af8eb42d56 -> 
  custom:audio-encoder-webm-vorbis: bf7c407c2cedff20999df2af8eb42d56 -> 
========================================================================
Received Prepare
Registering precompiled user dll's ...
Registered in 0.005448 seconds.
Begin MonoManager ReloadAssembly
Native extension for WindowsStandalone target not found
Native extension for WebGL target not found
Refreshing native plugins compatible for Editor in 0.38 ms, found 2 plugins.
Preloading 0 native plugins for Editor in 0.00 ms.
Mono: successfully reloaded assembly
- Completed reload, in  0.694 seconds
Domain Reload Profiling:
	ReloadAssembly (694ms)
		BeginReloadAssembly (108ms)
			ExecutionOrderSort (0ms)
			DisableScriptedObjects (3ms)
			BackupInstance (0ms)
			ReleaseScriptingObjects (0ms)
			CreateAndSetChildDomain (22ms)
		EndReloadAssembly (535ms)
			LoadAssemblies (90ms)
			RebuildTransferFunctionScriptingTraits (0ms)
			SetupTypeCache (168ms)
			ReleaseScriptCaches (1ms)
			RebuildScriptCaches (22ms)
			SetupLoadedEditorAssemblies (207ms)
				LogAssemblyErrors (0ms)
				InitializePlatformSupportModulesInManaged (4ms)
				SetLoadedEditorAssemblies (0ms)
				RefreshPlugins (0ms)
				BeforeProcessingInitializeOnLoad (49ms)
				ProcessInitializeOnLoadAttributes (134ms)
				ProcessInitializeOnLoadMethodAttributes (6ms)
				AfterProcessingInitializeOnLoad (12ms)
				EditorAssembliesLoaded (0ms)
			ExecutionOrderSort2 (0ms)
			AwakeInstancesAfterBackupRestoration (4ms)
Platform modules already initialized, skipping
Refreshing native plugins compatible for Editor in 0.38 ms, found 2 plugins.
Preloading 0 native plugins for Editor in 0.00 ms.
Unloading 1609 Unused Serialized files (Serialized files now loaded: 0)
System memory in use before: 100.4 MB.
System memory in use after: 100.1 MB.

Unloading 13 unused Assets to reduce memory usage. Loaded Objects now: 2154.
Total: 2.367400 ms (FindLiveObjects: 0.129400 ms CreateObjectMapping: 0.045100 ms MarkObjects: 1.945400 ms  DeleteObjects: 0.246900 ms)

AssetImportParameters requested are different than current active one (requested -> active):
  custom:framework-win-MediaFoundation: 216162199b28c13a410421893ffa2e32 -> 
  custom:video-decoder-ogg-theora: a1e56fd34408186e4bbccfd4996cb3dc -> 
  custom:container-muxer-webm: aa71ff27fc2769a1b78a27578f13a17b -> 
  custom:container-demuxer-webm: 4f35f7cbe854078d1ac9338744f61a02 -> 
  custom:container-demuxer-ogg: 62fdf1f143b41e24485cea50d1cbac27 -> 
  custom:video-encoder-webm-vp8: eb34c28f22e8b96e1ab97ce403110664 -> 
  custom:video-decoder-webm-vp8: 9c59270c3fd7afecdb556c50c9e8de78 -> 
  custom:audio-decoder-ogg-vorbis: bf7c407c2cedff20999df2af8eb42d56 -> 
  custom:audio-encoder-webm-vorbis: bf7c407c2cedff20999df2af8eb42d56 -> 
========================================================================
Received Import Request.
  Time since last request: 331.999137 seconds.
  path: Assets/Standard Assets/Characters/FirstPersonCharacter
  artifactKey: Guid(943e057eaae705e43b9e9b2e53d6adb0) Importer(815301076,1909f56bfc062723c751e8b465ee728b)
Start importing Assets/Standard Assets/Characters/FirstPersonCharacter using Guid(943e057eaae705e43b9e9b2e53d6adb0) Importer(815301076,1909f56bfc062723c751e8b465ee728b)  -> (artifact id: 'b076c045d807e8a0c94b3845103f6f47') in 0.007438 seconds 
========================================================================
Received Import Request.
  Time since last request: 7.343681 seconds.
  path: Assets/Standard Assets/Characters/FirstPersonCharacter/Prefabs
  artifactKey: Guid(0bfb2599080d5d24e84362b4ae314ae7) Importer(815301076,1909f56bfc062723c751e8b465ee728b)
Start importing Assets/Standard Assets/Characters/FirstPersonCharacter/Prefabs using Guid(0bfb2599080d5d24e84362b4ae314ae7) Importer(815301076,1909f56bfc062723c751e8b465ee728b)  -> (artifact id: 'be257b5b1748ad9f1e897f337746f1a9') in 0.005206 seconds 
========================================================================
Received Prepare
Registering precompiled user dll's ...
Registered in 0.003782 seconds.
Begin MonoManager ReloadAssembly
Native extension for WindowsStandalone target not found
Native extension for WebGL target not found
Refreshing native plugins compatible for Editor in 0.39 ms, found 2 plugins.
Preloading 0 native plugins for Editor in 0.00 ms.
Mono: successfully reloaded assembly
- Completed reload, in  0.642 seconds
Domain Reload Profiling:
	ReloadAssembly (643ms)
		BeginReloadAssembly (105ms)
			ExecutionOrderSort (0ms)
			DisableScriptedObjects (3ms)
			BackupInstance (0ms)
			ReleaseScriptingObjects (0ms)
			CreateAndSetChildDomain (20ms)
		EndReloadAssembly (487ms)
			LoadAssemblies (91ms)
			RebuildTransferFunctionScriptingTraits (0ms)
			SetupTypeCache (152ms)
			ReleaseScriptCaches (1ms)
			RebuildScriptCaches (22ms)
			SetupLoadedEditorAssemblies (191ms)
				LogAssemblyErrors (0ms)
				InitializePlatformSupportModulesInManaged (4ms)
				SetLoadedEditorAssemblies (0ms)
				RefreshPlugins (0ms)
				BeforeProcessingInitializeOnLoad (44ms)
				ProcessInitializeOnLoadAttributes (124ms)
				ProcessInitializeOnLoadMethodAttributes (6ms)
				AfterProcessingInitializeOnLoad (12ms)
				EditorAssembliesLoaded (0ms)
			ExecutionOrderSort2 (0ms)
			AwakeInstancesAfterBackupRestoration (4ms)
Platform modules already initialized, skipping
Refreshing native plugins compatible for Editor in 0.39 ms, found 2 plugins.
Preloading 0 native plugins for Editor in 0.00 ms.
Unloading 1609 Unused Serialized files (Serialized files now loaded: 0)
System memory in use before: 100.4 MB.
System memory in use after: 100.1 MB.

Unloading 13 unused Assets to reduce memory usage. Loaded Objects now: 2156.
Total: 2.388000 ms (FindLiveObjects: 0.129000 ms CreateObjectMapping: 0.044100 ms MarkObjects: 1.972800 ms  DeleteObjects: 0.241500 ms)

AssetImportParameters requested are different than current active one (requested -> active):
  custom:framework-win-MediaFoundation: 216162199b28c13a410421893ffa2e32 -> 
  custom:video-decoder-ogg-theora: a1e56fd34408186e4bbccfd4996cb3dc -> 
  custom:container-muxer-webm: aa71ff27fc2769a1b78a27578f13a17b -> 
  custom:container-demuxer-webm: 4f35f7cbe854078d1ac9338744f61a02 -> 
  custom:container-demuxer-ogg: 62fdf1f143b41e24485cea50d1cbac27 -> 
  custom:video-encoder-webm-vp8: eb34c28f22e8b96e1ab97ce403110664 -> 
  custom:video-decoder-webm-vp8: 9c59270c3fd7afecdb556c50c9e8de78 -> 
  custom:audio-decoder-ogg-vorbis: bf7c407c2cedff20999df2af8eb42d56 -> 
  custom:audio-encoder-webm-vorbis: bf7c407c2cedff20999df2af8eb42d56 -> 
========================================================================
Received Import Request.
  Time since last request: 205.575949 seconds.
  path: Assets/ASTROFISH_GAMES/MEDIEVAL_SERIES
  artifactKey: Guid(6de8234d8b3902e4087b15e88f4ac79d) Importer(815301076,1909f56bfc062723c751e8b465ee728b)
Start importing Assets/ASTROFISH_GAMES/MEDIEVAL_SERIES using Guid(6de8234d8b3902e4087b15e88f4ac79d) Importer(815301076,1909f56bfc062723c751e8b465ee728b)  -> (artifact id: 'e65f0e931c474cff220d808858847f7d') in 0.008210 seconds 
========================================================================
Received Import Request.
  Time since last request: 4.070802 seconds.
  path: Assets/ASTROFISH_GAMES/MEDIEVAL_SERIES/MEDIEVAL_VILLAGE
  artifactKey: Guid(d3ecddfa2ee6d88459f3a2f21da308e9) Importer(815301076,1909f56bfc062723c751e8b465ee728b)
Start importing Assets/ASTROFISH_GAMES/MEDIEVAL_SERIES/MEDIEVAL_VILLAGE using Guid(d3ecddfa2ee6d88459f3a2f21da308e9) Importer(815301076,1909f56bfc062723c751e8b465ee728b)  -> (artifact id: 'c34d8d81962031b20bdb42e9cfef6af6') in 0.005047 seconds 
========================================================================
Received Import Request.
  Time since last request: 178.796604 seconds.
  path: Assets/ASTROFISH_GAMES/MEDIEVAL_SERIES/MEDIEVAL_VILLAGE/MEDIEVAL_VILLLAGE_HD_DEMO/Prfbs
  artifactKey: Guid(023a8387b554a644caaaf1cb72c8c561) Importer(815301076,1909f56bfc062723c751e8b465ee728b)
Start importing Assets/ASTROFISH_GAMES/MEDIEVAL_SERIES/MEDIEVAL_VILLAGE/MEDIEVAL_VILLLAGE_HD_DEMO/Prfbs using Guid(023a8387b554a644caaaf1cb72c8c561) Importer(815301076,1909f56bfc062723c751e8b465ee728b)  -> (artifact id: '992828742c63a822574a670aaacd7f36') in 0.005557 seconds 
========================================================================
Received Import Request.
  Time since last request: 0.102712 seconds.
  path: Assets/ASTROFISH_GAMES/MEDIEVAL_SERIES/MEDIEVAL_VILLAGE/MEDIEVAL_VILLLAGE_HD_DEMO/Prfbs/Building.prefab
  artifactKey: Guid(842db95f600b38a4a936ac0db6ded7ad) Importer(815301076,1909f56bfc062723c751e8b465ee728b)
Start importing Assets/ASTROFISH_GAMES/MEDIEVAL_SERIES/MEDIEVAL_VILLAGE/MEDIEVAL_VILLLAGE_HD_DEMO/Prfbs/Building.prefab using Guid(842db95f600b38a4a936ac0db6ded7ad) Importer(815301076,1909f56bfc062723c751e8b465ee728b)  -> (artifact id: 'da87e50dfc1f1f63b3555bbf18228239') in 1.749408 seconds 
========================================================================
Received Import Request.
  Time since last request: 0.000160 seconds.
  path: Assets/ASTROFISH_GAMES/MEDIEVAL_SERIES/MEDIEVAL_VILLAGE/MEDIEVAL_VILLLAGE_HD_DEMO/Prfbs/Medieval_Foliage_Fern_Large.prefab
  artifactKey: Guid(2fc687804e64b5143a99ccd10efc0aef) Importer(815301076,1909f56bfc062723c751e8b465ee728b)
Start importing Assets/ASTROFISH_GAMES/MEDIEVAL_SERIES/MEDIEVAL_VILLAGE/MEDIEVAL_VILLLAGE_HD_DEMO/Prfbs/Medieval_Foliage_Fern_Large.prefab using Guid(2fc687804e64b5143a99ccd10efc0aef) Importer(815301076,1909f56bfc062723c751e8b465ee728b)  -> (artifact id: '8aa2ee2761505e30687630b6353cc044') in 0.014972 seconds 
========================================================================
Received Import Request.
  Time since last request: 0.000123 seconds.
  path: Assets/ASTROFISH_GAMES/MEDIEVAL_SERIES/MEDIEVAL_VILLAGE/MEDIEVAL_VILLLAGE_HD_DEMO/Prfbs/Medieval_Assembly_Rock_C.prefab
  artifactKey: Guid(db72df50bbb555a43900bdc3ec5da828) Importer(815301076,1909f56bfc062723c751e8b465ee728b)
Start importing Assets/ASTROFISH_GAMES/MEDIEVAL_SERIES/MEDIEVAL_VILLAGE/MEDIEVAL_VILLLAGE_HD_DEMO/Prfbs/Medieval_Assembly_Rock_C.prefab using Guid(db72df50bbb555a43900bdc3ec5da828) Importer(815301076,1909f56bfc062723c751e8b465ee728b)  -> (artifact id: '6ac016dffd4c1b7594ef69002a98130d') in 0.066543 seconds 
========================================================================
Received Import Request.
  Time since last request: 0.000123 seconds.
  path: Assets/ASTROFISH_GAMES/MEDIEVAL_SERIES/MEDIEVAL_VILLAGE/MEDIEVAL_VILLLAGE_HD_DEMO/Prfbs/Medieval_Masonary_DoorOrnate.prefab
  artifactKey: Guid(172885ec894ac6943a32bacc544dc1d4) Importer(815301076,1909f56bfc062723c751e8b465ee728b)
Start importing Assets/ASTROFISH_GAMES/MEDIEVAL_SERIES/MEDIEVAL_VILLAGE/MEDIEVAL_VILLLAGE_HD_DEMO/Prfbs/Medieval_Masonary_DoorOrnate.prefab using Guid(172885ec894ac6943a32bacc544dc1d4) Importer(815301076,1909f56bfc062723c751e8b465ee728b)  -> (artifact id: 'ddd62959c0a103e49b30e4c9d54cb5f0') in 0.026385 seconds 
========================================================================
Received Import Request.
  Time since last request: 0.000125 seconds.
  path: Assets/ASTROFISH_GAMES/MEDIEVAL_SERIES/MEDIEVAL_VILLAGE/MEDIEVAL_VILLLAGE_HD_DEMO/Prfbs/Medieval_IronFixtures_Chimney.prefab
  artifactKey: Guid(2bb7e515ee1cc04419f64a1dee211c00) Importer(815301076,1909f56bfc062723c751e8b465ee728b)
Start importing Assets/ASTROFISH_GAMES/MEDIEVAL_SERIES/MEDIEVAL_VILLAGE/MEDIEVAL_VILLLAGE_HD_DEMO/Prfbs/Medieval_IronFixtures_Chimney.prefab using Guid(2bb7e515ee1cc04419f64a1dee211c00) Importer(815301076,1909f56bfc062723c751e8b465ee728b)  -> (artifact id: 'a9bb9841e22f3c82b4cdc418cfb4ac3a') in 0.025376 seconds 
========================================================================
Received Import Request.
  Time since last request: 0.000119 seconds.
  path: Assets/ASTROFISH_GAMES/MEDIEVAL_SERIES/MEDIEVAL_VILLAGE/MEDIEVAL_VILLLAGE_HD_DEMO/Prfbs/Medieval_Door_CurvedShort.prefab
  artifactKey: Guid(822a0e80f0ca33846a3e362e3fcfbd64) Importer(815301076,1909f56bfc062723c751e8b465ee728b)
Start importing Assets/ASTROFISH_GAMES/MEDIEVAL_SERIES/MEDIEVAL_VILLAGE/MEDIEVAL_VILLLAGE_HD_DEMO/Prfbs/Medieval_Door_CurvedShort.prefab using Guid(822a0e80f0ca33846a3e362e3fcfbd64) Importer(815301076,1909f56bfc062723c751e8b465ee728b)  -> (artifact id: '1667ce8b6acdbaee210faee81516c0e1') in 0.031875 seconds 
========================================================================
Received Import Request.
  Time since last request: 0.000121 seconds.
  path: Assets/ASTROFISH_GAMES/MEDIEVAL_SERIES/MEDIEVAL_VILLAGE/MEDIEVAL_VILLLAGE_HD_DEMO/Prfbs/Medieval_Chimney_Small.prefab
  artifactKey: Guid(a2c0c3aca65defd4d9d259916215d53d) Importer(815301076,1909f56bfc062723c751e8b465ee728b)
Start importing Assets/ASTROFISH_GAMES/MEDIEVAL_SERIES/MEDIEVAL_VILLAGE/MEDIEVAL_VILLLAGE_HD_DEMO/Prfbs/Medieval_Chimney_Small.prefab using Guid(a2c0c3aca65defd4d9d259916215d53d) Importer(815301076,1909f56bfc062723c751e8b465ee728b)  -> (artifact id: '7dc88007d4e9d5dcedf5481d1fe56d19') in 0.081035 seconds 
========================================================================
Received Import Request.
  Time since last request: 0.000145 seconds.
  path: Assets/ASTROFISH_GAMES/MEDIEVAL_SERIES/MEDIEVAL_VILLAGE/MEDIEVAL_VILLLAGE_HD_DEMO/Prfbs/Medieval_StoneFloor_E.prefab
  artifactKey: Guid(a239ca202f1aad64e8e12ebac4d72e18) Importer(815301076,1909f56bfc062723c751e8b465ee728b)
Start importing Assets/ASTROFISH_GAMES/MEDIEVAL_SERIES/MEDIEVAL_VILLAGE/MEDIEVAL_VILLLAGE_HD_DEMO/Prfbs/Medieval_StoneFloor_E.prefab using Guid(a239ca202f1aad64e8e12ebac4d72e18) Importer(815301076,1909f56bfc062723c751e8b465ee728b)  -> (artifact id: '697a3a60b47c4d990857db4bf2d990d4') in 0.022790 seconds 
========================================================================
Received Import Request.
  Time since last request: 0.000122 seconds.
  path: Assets/ASTROFISH_GAMES/MEDIEVAL_SERIES/MEDIEVAL_VILLAGE/MEDIEVAL_VILLLAGE_HD_DEMO/Prfbs/Medieval_StoneFloor_D.prefab
  artifactKey: Guid(eaae9a6a3196bae43acfc050c95531f0) Importer(815301076,1909f56bfc062723c751e8b465ee728b)
Start importing Assets/ASTROFISH_GAMES/MEDIEVAL_SERIES/MEDIEVAL_VILLAGE/MEDIEVAL_VILLLAGE_HD_DEMO/Prfbs/Medieval_StoneFloor_D.prefab using Guid(eaae9a6a3196bae43acfc050c95531f0) Importer(815301076,1909f56bfc062723c751e8b465ee728b)  -> (artifact id: 'd6b75c39618f2884a1c11f9770412dfb') in 0.030764 seconds 
========================================================================
Received Import Request.
  Time since last request: 0.000124 seconds.
  path: Assets/ASTROFISH_GAMES/MEDIEVAL_SERIES/MEDIEVAL_VILLAGE/MEDIEVAL_VILLLAGE_HD_DEMO/Prfbs/Medieval_PlasterWalls_A_Cross.prefab
  artifactKey: Guid(f7f981d6350c24441a90ff4a69ba41f4) Importer(815301076,1909f56bfc062723c751e8b465ee728b)
Start importing Assets/ASTROFISH_GAMES/MEDIEVAL_SERIES/MEDIEVAL_VILLAGE/MEDIEVAL_VILLLAGE_HD_DEMO/Prfbs/Medieval_PlasterWalls_A_Cross.prefab using Guid(f7f981d6350c24441a90ff4a69ba41f4) Importer(815301076,1909f56bfc062723c751e8b465ee728b)  -> (artifact id: 'c84a9ebc180ad86f823ac3afb198f893') in 0.034946 seconds 
========================================================================
Received Import Request.
  Time since last request: 0.000125 seconds.
  path: Assets/ASTROFISH_GAMES/MEDIEVAL_SERIES/MEDIEVAL_VILLAGE/MEDIEVAL_VILLLAGE_HD_DEMO/Prfbs/Medieval_Chimney_Small_Half.prefab
  artifactKey: Guid(7ca0fafb1b9a9c14e8754aac43326428) Importer(815301076,1909f56bfc062723c751e8b465ee728b)
Start importing Assets/ASTROFISH_GAMES/MEDIEVAL_SERIES/MEDIEVAL_VILLAGE/MEDIEVAL_VILLLAGE_HD_DEMO/Prfbs/Medieval_Chimney_Small_Half.prefab using Guid(7ca0fafb1b9a9c14e8754aac43326428) Importer(815301076,1909f56bfc062723c751e8b465ee728b)  -> (artifact id: '310cf995556b20081340f045bd3b4d42') in 0.079563 seconds 
========================================================================
Received Import Request.
  Time since last request: 0.000182 seconds.
  path: Assets/ASTROFISH_GAMES/MEDIEVAL_SERIES/MEDIEVAL_VILLAGE/MEDIEVAL_VILLLAGE_HD_DEMO/Prfbs/Medieval_Platforms_Planks.prefab
  artifactKey: Guid(80e227181979b9e4db071f4a8ea5eca6) Importer(815301076,1909f56bfc062723c751e8b465ee728b)
Start importing Assets/ASTROFISH_GAMES/MEDIEVAL_SERIES/MEDIEVAL_VILLAGE/MEDIEVAL_VILLLAGE_HD_DEMO/Prfbs/Medieval_Platforms_Planks.prefab using Guid(80e227181979b9e4db071f4a8ea5eca6) Importer(815301076,1909f56bfc062723c751e8b465ee728b)  -> (artifact id: 'a08406a28deef61c8faf9310bf44fdcc') in 0.075030 seconds 
========================================================================
Received Import Request.
  Time since last request: 0.000121 seconds.
  path: Assets/ASTROFISH_GAMES/MEDIEVAL_SERIES/MEDIEVAL_VILLAGE/MEDIEVAL_VILLLAGE_HD_DEMO/Prfbs/Medieval_RoofTiles_TopCorner.prefab
  artifactKey: Guid(ed0cc678f4a6ecf4d8eaa0b55b102276) Importer(815301076,1909f56bfc062723c751e8b465ee728b)
Start importing Assets/ASTROFISH_GAMES/MEDIEVAL_SERIES/MEDIEVAL_VILLAGE/MEDIEVAL_VILLLAGE_HD_DEMO/Prfbs/Medieval_RoofTiles_TopCorner.prefab using Guid(ed0cc678f4a6ecf4d8eaa0b55b102276) Importer(815301076,1909f56bfc062723c751e8b465ee728b)  -> (artifact id: 'c708b5d15483d3872e2f33b66869de27') in 0.032028 seconds 
========================================================================
Received Import Request.
  Time since last request: 0.000106 seconds.
  path: Assets/ASTROFISH_GAMES/MEDIEVAL_SERIES/MEDIEVAL_VILLAGE/MEDIEVAL_VILLLAGE_HD_DEMO/Prfbs/Medieval_IronFixtures_ArowRailing_Long.prefab
  artifactKey: Guid(e490792a65283574e9fcdd778cba9216) Importer(815301076,1909f56bfc062723c751e8b465ee728b)
Start importing Assets/ASTROFISH_GAMES/MEDIEVAL_SERIES/MEDIEVAL_VILLAGE/MEDIEVAL_VILLLAGE_HD_DEMO/Prfbs/Medieval_IronFixtures_ArowRailing_Long.prefab using Guid(e490792a65283574e9fcdd778cba9216) Importer(815301076,1909f56bfc062723c751e8b465ee728b)  -> (artifact id: '293c6d0d3bf9ce46cb384505596ddfc3') in 0.028601 seconds 
========================================================================
Received Import Request.
  Time since last request: 0.000121 seconds.
  path: Assets/ASTROFISH_GAMES/MEDIEVAL_SERIES/MEDIEVAL_VILLAGE/MEDIEVAL_VILLLAGE_HD_DEMO/Prfbs/Medieval_Platforms_LoosePlank_01.prefab
  artifactKey: Guid(7759a90c8114eae4cb2d199edb240ea6) Importer(815301076,1909f56bfc062723c751e8b465ee728b)
Start importing Assets/ASTROFISH_GAMES/MEDIEVAL_SERIES/MEDIEVAL_VILLAGE/MEDIEVAL_VILLLAGE_HD_DEMO/Prfbs/Medieval_Platforms_LoosePlank_01.prefab using Guid(7759a90c8114eae4cb2d199edb240ea6) Importer(815301076,1909f56bfc062723c751e8b465ee728b)  -> (artifact id: 'b38cd238c678dd19c8180f4d355ba015') in 0.071640 seconds 
========================================================================
Received Import Request.
  Time since last request: 0.000127 seconds.
  path: Assets/ASTROFISH_GAMES/MEDIEVAL_SERIES/MEDIEVAL_VILLAGE/MEDIEVAL_VILLLAGE_HD_DEMO/Prfbs/Medieval_Foliage_IvyVines_ShortHoz.prefab
  artifactKey: Guid(e7e4c40bc12a44e48bdf2f88608e3bef) Importer(815301076,1909f56bfc062723c751e8b465ee728b)
Start importing Assets/ASTROFISH_GAMES/MEDIEVAL_SERIES/MEDIEVAL_VILLAGE/MEDIEVAL_VILLLAGE_HD_DEMO/Prfbs/Medieval_Foliage_IvyVines_ShortHoz.prefab using Guid(e7e4c40bc12a44e48bdf2f88608e3bef) Importer(815301076,1909f56bfc062723c751e8b465ee728b)  -> (artifact id: 'f2d33f948a07677cfb7ffc619ffa66e7') in 0.013553 seconds 
========================================================================
Received Import Request.
  Time since last request: 0.000112 seconds.
  path: Assets/ASTROFISH_GAMES/MEDIEVAL_SERIES/MEDIEVAL_VILLAGE/MEDIEVAL_VILLLAGE_HD_DEMO/Prfbs/Medieval_IronFixtures_Knocker.prefab
  artifactKey: Guid(26bfb65058911384596a4a79f7d00b48) Importer(815301076,1909f56bfc062723c751e8b465ee728b)
Start importing Assets/ASTROFISH_GAMES/MEDIEVAL_SERIES/MEDIEVAL_VILLAGE/MEDIEVAL_VILLLAGE_HD_DEMO/Prfbs/Medieval_IronFixtures_Knocker.prefab using Guid(26bfb65058911384596a4a79f7d00b48) Importer(815301076,1909f56bfc062723c751e8b465ee728b)  -> (artifact id: '3a47916c87fdaa909e77063112d761cd') in 0.027688 seconds 
========================================================================
Received Import Request.
  Time since last request: 0.000131 seconds.
  path: Assets/ASTROFISH_GAMES/MEDIEVAL_SERIES/MEDIEVAL_VILLAGE/MEDIEVAL_VILLLAGE_HD_DEMO/Prfbs/Medieval_Platforms_LoosePlank_02.prefab
  artifactKey: Guid(adc2e4da70380af439406b6eaeb74eeb) Importer(815301076,1909f56bfc062723c751e8b465ee728b)
Start importing Assets/ASTROFISH_GAMES/MEDIEVAL_SERIES/MEDIEVAL_VILLAGE/MEDIEVAL_VILLLAGE_HD_DEMO/Prfbs/Medieval_Platforms_LoosePlank_02.prefab using Guid(adc2e4da70380af439406b6eaeb74eeb) Importer(815301076,1909f56bfc062723c751e8b465ee728b)  -> (artifact id: '210d1ad0b43ca90f663d736e796fd935') in 0.078704 seconds 
========================================================================
Received Import Request.
  Time since last request: 0.000133 seconds.
  path: Assets/ASTROFISH_GAMES/MEDIEVAL_SERIES/MEDIEVAL_VILLAGE/MEDIEVAL_VILLLAGE_HD_DEMO/Prfbs/Medieval_Platforms_PlanksNailed.prefab
  artifactKey: Guid(2f06573bc73b7f44298777eaf2f0b500) Importer(815301076,1909f56bfc062723c751e8b465ee728b)
Start importing Assets/ASTROFISH_GAMES/MEDIEVAL_SERIES/MEDIEVAL_VILLAGE/MEDIEVAL_VILLLAGE_HD_DEMO/Prfbs/Medieval_Platforms_PlanksNailed.prefab using Guid(2f06573bc73b7f44298777eaf2f0b500) Importer(815301076,1909f56bfc062723c751e8b465ee728b)  -> (artifact id: '6c69d4123852fb34f8eac4183f7bc581') in 0.082308 seconds 
========================================================================
Received Import Request.
  Time since last request: 0.000353 seconds.
  path: Assets/ASTROFISH_GAMES/MEDIEVAL_SERIES/MEDIEVAL_VILLAGE/MEDIEVAL_VILLLAGE_HD_DEMO/Prfbs/Medieval_Masonary_WoodLarge_StrongSupportColumn.prefab
  artifactKey: Guid(b9cd7dc36e88f1142a32d9e5ef9b075e) Importer(815301076,1909f56bfc062723c751e8b465ee728b)
Start importing Assets/ASTROFISH_GAMES/MEDIEVAL_SERIES/MEDIEVAL_VILLAGE/MEDIEVAL_VILLLAGE_HD_DEMO/Prfbs/Medieval_Masonary_WoodLarge_StrongSupportColumn.prefab using Guid(b9cd7dc36e88f1142a32d9e5ef9b075e) Importer(815301076,1909f56bfc062723c751e8b465ee728b)  -> (artifact id: '3a8b6a1f2b2db9d03aaa8b2cd98eb4b5') in 0.030390 seconds 
========================================================================
Received Import Request.
  Time since last request: 0.000120 seconds.
  path: Assets/ASTROFISH_GAMES/MEDIEVAL_SERIES/MEDIEVAL_VILLAGE/MEDIEVAL_VILLLAGE_HD_DEMO/Prfbs/Medieval_Foliage_IvyVines_EdgeOver.prefab
  artifactKey: Guid(e8aaf15a87a4dcc4db8b2d112dbdbb4e) Importer(815301076,1909f56bfc062723c751e8b465ee728b)
Start importing Assets/ASTROFISH_GAMES/MEDIEVAL_SERIES/MEDIEVAL_VILLAGE/MEDIEVAL_VILLLAGE_HD_DEMO/Prfbs/Medieval_Foliage_IvyVines_EdgeOver.prefab using Guid(e8aaf15a87a4dcc4db8b2d112dbdbb4e) Importer(815301076,1909f56bfc062723c751e8b465ee728b)  -> (artifact id: 'a5fb10e3294505843f206beca938a39f') in 0.014546 seconds 
========================================================================
Received Import Request.
  Time since last request: 0.000114 seconds.
  path: Assets/ASTROFISH_GAMES/MEDIEVAL_SERIES/MEDIEVAL_VILLAGE/MEDIEVAL_VILLLAGE_HD_DEMO/Prfbs/Medieval_RoofWall_MedA.prefab
  artifactKey: Guid(2579dcb3997c2c04d8effeae9e6b4622) Importer(815301076,1909f56bfc062723c751e8b465ee728b)
Start importing Assets/ASTROFISH_GAMES/MEDIEVAL_SERIES/MEDIEVAL_VILLAGE/MEDIEVAL_VILLLAGE_HD_DEMO/Prfbs/Medieval_RoofWall_MedA.prefab using Guid(2579dcb3997c2c04d8effeae9e6b4622) Importer(815301076,1909f56bfc062723c751e8b465ee728b)  -> (artifact id: '74b2200b239b5dfde865e4ee1d4de395') in 0.030783 seconds 
========================================================================
Received Import Request.
  Time since last request: 0.000118 seconds.
  path: Assets/ASTROFISH_GAMES/MEDIEVAL_SERIES/MEDIEVAL_VILLAGE/MEDIEVAL_VILLLAGE_HD_DEMO/Prfbs/Medieval_Masonary_StepsPlatform_Cropped.prefab
  artifactKey: Guid(9a4f528c735ef2344b3af2205cb00aa9) Importer(815301076,1909f56bfc062723c751e8b465ee728b)
Start importing Assets/ASTROFISH_GAMES/MEDIEVAL_SERIES/MEDIEVAL_VILLAGE/MEDIEVAL_VILLLAGE_HD_DEMO/Prfbs/Medieval_Masonary_StepsPlatform_Cropped.prefab using Guid(9a4f528c735ef2344b3af2205cb00aa9) Importer(815301076,1909f56bfc062723c751e8b465ee728b)  -> (artifact id: 'd0a8a42e60dc065703c050e826439fba') in 0.025375 seconds 
========================================================================
Received Import Request.
  Time since last request: 0.000119 seconds.
  path: Assets/ASTROFISH_GAMES/MEDIEVAL_SERIES/MEDIEVAL_VILLAGE/MEDIEVAL_VILLLAGE_HD_DEMO/Prfbs/Medieval_IronFixtures_Armature.prefab
  artifactKey: Guid(994f56b5570aa7b4092221701ace4871) Importer(815301076,1909f56bfc062723c751e8b465ee728b)
Start importing Assets/ASTROFISH_GAMES/MEDIEVAL_SERIES/MEDIEVAL_VILLAGE/MEDIEVAL_VILLLAGE_HD_DEMO/Prfbs/Medieval_IronFixtures_Armature.prefab using Guid(994f56b5570aa7b4092221701ace4871) Importer(815301076,1909f56bfc062723c751e8b465ee728b)  -> (artifact id: 'fa3ba28d3fddaef3ea32b06473b08fea') in 0.034037 seconds 
========================================================================
Received Import Request.
  Time since last request: 0.000122 seconds.
  path: Assets/ASTROFISH_GAMES/MEDIEVAL_SERIES/MEDIEVAL_VILLAGE/MEDIEVAL_VILLLAGE_HD_DEMO/Prfbs/Medieval_PlasterWalls_B_MasonaryWall.prefab
  artifactKey: Guid(f26fdd3a6ffca7c42859493a30a8b5ef) Importer(815301076,1909f56bfc062723c751e8b465ee728b)
Start importing Assets/ASTROFISH_GAMES/MEDIEVAL_SERIES/MEDIEVAL_VILLAGE/MEDIEVAL_VILLLAGE_HD_DEMO/Prfbs/Medieval_PlasterWalls_B_MasonaryWall.prefab using Guid(f26fdd3a6ffca7c42859493a30a8b5ef) Importer(815301076,1909f56bfc062723c751e8b465ee728b)  -> (artifact id: '7de575a9a578a04467656cd76ce8d118') in 0.033495 seconds 
========================================================================
Received Import Request.
  Time since last request: 0.000131 seconds.
  path: Assets/ASTROFISH_GAMES/MEDIEVAL_SERIES/MEDIEVAL_VILLAGE/MEDIEVAL_VILLLAGE_HD_DEMO/Prfbs/Medieval_IronFixtures_LargeTorch.prefab
  artifactKey: Guid(76ed53cf51b84f1468d46e92197bf9fd) Importer(815301076,1909f56bfc062723c751e8b465ee728b)
Start importing Assets/ASTROFISH_GAMES/MEDIEVAL_SERIES/MEDIEVAL_VILLAGE/MEDIEVAL_VILLLAGE_HD_DEMO/Prfbs/Medieval_IronFixtures_LargeTorch.prefab using Guid(76ed53cf51b84f1468d46e92197bf9fd) Importer(815301076,1909f56bfc062723c751e8b465ee728b)  -> (artifact id: 'ceb1e22b2c60813a46a83fa9b20af14f') in 0.034611 seconds 
========================================================================
Received Import Request.
  Time since last request: 0.000128 seconds.
  path: Assets/ASTROFISH_GAMES/MEDIEVAL_SERIES/MEDIEVAL_VILLAGE/MEDIEVAL_VILLLAGE_HD_DEMO/Prfbs/Medieval_Masonary_Foundations_CornerOut_01.prefab
  artifactKey: Guid(0da81c73b5cf5a148985c27563330ef9) Importer(815301076,1909f56bfc062723c751e8b465ee728b)
Start importing Assets/ASTROFISH_GAMES/MEDIEVAL_SERIES/MEDIEVAL_VILLAGE/MEDIEVAL_VILLLAGE_HD_DEMO/Prfbs/Medieval_Masonary_Foundations_CornerOut_01.prefab using Guid(0da81c73b5cf5a148985c27563330ef9) Importer(815301076,1909f56bfc062723c751e8b465ee728b)  -> (artifact id: '96ca67e45818d573f652294c5bdc42ba') in 0.079687 seconds 
========================================================================
Received Import Request.
  Time since last request: 96.863369 seconds.
  path: Assets/Standard Assets/Characters/ThirdPersonCharacter/Prefabs
  artifactKey: Guid(e09f07f9be24b2d4180a74a671348b5b) Importer(815301076,1909f56bfc062723c751e8b465ee728b)
Start importing Assets/Standard Assets/Characters/ThirdPersonCharacter/Prefabs using Guid(e09f07f9be24b2d4180a74a671348b5b) Importer(815301076,1909f56bfc062723c751e8b465ee728b)  -> (artifact id: 'a66588e5acb1baa710144d1cb6ae39a7') in 0.004916 seconds 
========================================================================
Received Import Request.
  Time since last request: 2.502033 seconds.
  path: Assets/Standard Assets/Characters/ThirdPersonCharacter/Prefabs/ThirdPersonController.prefab
  artifactKey: Guid(7737647c22c1fc64a88d5cd030c352ce) Importer(815301076,1909f56bfc062723c751e8b465ee728b)
Start importing Assets/Standard Assets/Characters/ThirdPersonCharacter/Prefabs/ThirdPersonController.prefab using Guid(7737647c22c1fc64a88d5cd030c352ce) Importer(815301076,1909f56bfc062723c751e8b465ee728b)  -> (artifact id: '12b35c9e7b324dd4984b32b38923fc01') in 0.051429 seconds 
========================================================================
Received Import Request.
  Time since last request: 60.693558 seconds.
  path: Assets/Standard Assets/Cameras/Prefabs/FreeLookCameraRig.prefab
  artifactKey: Guid(49a0e923d39ec3c4c8bb97699e2f2903) Importer(815301076,1909f56bfc062723c751e8b465ee728b)
Start importing Assets/Standard Assets/Cameras/Prefabs/FreeLookCameraRig.prefab using Guid(49a0e923d39ec3c4c8bb97699e2f2903) Importer(815301076,1909f56bfc062723c751e8b465ee728b)  -> (artifact id: '255c64b4fb296cc217d9925b3795e275') in 0.007671 seconds 
========================================================================
Received Import Request.
  Time since last request: 0.000092 seconds.
  path: Assets/Standard Assets/Cameras/Prefabs/HandheldCamera.prefab
  artifactKey: Guid(a5be31db3f71b0642af74fe491b4bc89) Importer(815301076,1909f56bfc062723c751e8b465ee728b)
Start importing Assets/Standard Assets/Cameras/Prefabs/HandheldCamera.prefab using Guid(a5be31db3f71b0642af74fe491b4bc89) Importer(815301076,1909f56bfc062723c751e8b465ee728b)  -> (artifact id: 'fdb1d7a108055f602bff1ed9764a7794') in 0.006908 seconds 
========================================================================
Received Import Request.
  Time since last request: 0.000091 seconds.
  path: Assets/Standard Assets/Cameras/Prefabs/MultipurposeCameraRig.prefab
  artifactKey: Guid(baec086904791744185aaa07a6cf55c2) Importer(815301076,1909f56bfc062723c751e8b465ee728b)
Start importing Assets/Standard Assets/Cameras/Prefabs/MultipurposeCameraRig.prefab using Guid(baec086904791744185aaa07a6cf55c2) Importer(815301076,1909f56bfc062723c751e8b465ee728b)  -> (artifact id: '07da3a3236cfac631c98db4635cf19d8') in 0.007166 seconds 
========================================================================
Received Import Request.
  Time since last request: 250.840156 seconds.
  path: Assets/Standard Assets/Characters/ThirdPersonCharacter/Animation
  artifactKey: Guid(eb0e763ded53048dd80e7b78c35ded56) Importer(815301076,1909f56bfc062723c751e8b465ee728b)
Start importing Assets/Standard Assets/Characters/ThirdPersonCharacter/Animation using Guid(eb0e763ded53048dd80e7b78c35ded56) Importer(815301076,1909f56bfc062723c751e8b465ee728b)  -> (artifact id: '8e24e3f85cfdc73898476e5e16631b56') in 0.005799 seconds 
========================================================================
Received Prepare
Registering precompiled user dll's ...
Registered in 0.004302 seconds.
Begin MonoManager ReloadAssembly
Native extension for WindowsStandalone target not found
Native extension for WebGL target not found
Refreshing native plugins compatible for Editor in 0.40 ms, found 2 plugins.
Preloading 0 native plugins for Editor in 0.00 ms.
Mono: successfully reloaded assembly
- Completed reload, in  0.633 seconds
Domain Reload Profiling:
	ReloadAssembly (633ms)
		BeginReloadAssembly (107ms)
			ExecutionOrderSort (0ms)
			DisableScriptedObjects (3ms)
			BackupInstance (0ms)
			ReleaseScriptingObjects (0ms)
			CreateAndSetChildDomain (22ms)
		EndReloadAssembly (476ms)
			LoadAssemblies (89ms)
			RebuildTransferFunctionScriptingTraits (0ms)
			SetupTypeCache (150ms)
			ReleaseScriptCaches (1ms)
			RebuildScriptCaches (21ms)
			SetupLoadedEditorAssemblies (185ms)
				LogAssemblyErrors (0ms)
				InitializePlatformSupportModulesInManaged (4ms)
				SetLoadedEditorAssemblies (0ms)
				RefreshPlugins (0ms)
				BeforeProcessingInitializeOnLoad (45ms)
				ProcessInitializeOnLoadAttributes (118ms)
				ProcessInitializeOnLoadMethodAttributes (5ms)
				AfterProcessingInitializeOnLoad (12ms)
				EditorAssembliesLoaded (0ms)
			ExecutionOrderSort2 (0ms)
			AwakeInstancesAfterBackupRestoration (4ms)
Platform modules already initialized, skipping
Refreshing native plugins compatible for Editor in 0.40 ms, found 2 plugins.
Preloading 0 native plugins for Editor in 0.00 ms.
Unloading 1609 Unused Serialized files (Serialized files now loaded: 0)
System memory in use before: 186.0 MB.
System memory in use after: 185.8 MB.

Unloading 13 unused Assets to reduce memory usage. Loaded Objects now: 2162.
Total: 2.531700 ms (FindLiveObjects: 0.122200 ms CreateObjectMapping: 0.044600 ms MarkObjects: 2.182300 ms  DeleteObjects: 0.181900 ms)

AssetImportParameters requested are different than current active one (requested -> active):
  custom:framework-win-MediaFoundation: 216162199b28c13a410421893ffa2e32 -> 
  custom:video-decoder-ogg-theora: a1e56fd34408186e4bbccfd4996cb3dc -> 
  custom:container-muxer-webm: aa71ff27fc2769a1b78a27578f13a17b -> 
  custom:container-demuxer-webm: 4f35f7cbe854078d1ac9338744f61a02 -> 
  custom:container-demuxer-ogg: 62fdf1f143b41e24485cea50d1cbac27 -> 
  custom:video-encoder-webm-vp8: eb34c28f22e8b96e1ab97ce403110664 -> 
  custom:video-decoder-webm-vp8: 9c59270c3fd7afecdb556c50c9e8de78 -> 
  custom:audio-decoder-ogg-vorbis: bf7c407c2cedff20999df2af8eb42d56 -> 
  custom:audio-encoder-webm-vorbis: bf7c407c2cedff20999df2af8eb42d56 -> 
AssetImportWorkerClient::OnTransportError - code=2 error=End of file
